<?xml version="1.0" encoding="UTF-8"?>
<!-- Generated by org.testng.reporters.JUnitReportReporter -->
<testsuite hostname="LAPTOP-CKKI1M45" failures="0" tests="1" name="pomClasses.Sample01" time="0.007" errors="0" timestamp="2024-07-06T14:11:16 IST" skipped="0">
  <testcase classname="pomClasses.Sample01" name="TC1" time="0.007">
    <system-out>
      <![CDATA[Running TC1]]>
    </system-out>
  </testcase> <!-- TC1 -->
  <system-out>
    <![CDATA[Running TC1]]>
  </system-out>
</testsuite> <!-- pomClasses.Sample01 -->
